#! /usr/local/iverilog/bin/vvp
:ivl_version "11.0 (devel)" "(s20150603-642-g3bdb50da)";
:ivl_delay_selection "TYPICAL";
:vpi_time_precision - 12;
:vpi_module "system";
:vpi_module "vhdl_sys";
:vpi_module "vhdl_textio";
:vpi_module "v2005_math";
:vpi_module "va_math";
S_00000000010b99b0 .scope module, "tb_add" "tb_add" 2 2;
 .timescale -9 -12;
v0000000000f13260_0 .var "a", 0 0;
v00000000010bc990_0 .var "b", 0 0;
v00000000010bca30_0 .net "c", 0 0, L_00000000010b9890;  1 drivers
v00000000010bcad0_0 .var "clk", 0 0;
S_0000000000f12ef0 .scope module, "add_u" "add" 2 9, 3 1 0, S_00000000010b99b0;
 .timescale -9 -12;
    .port_info 0 /INPUT 1 "a";
    .port_info 1 /INPUT 1 "b";
    .port_info 2 /OUTPUT 1 "c";
L_00000000010b9890 .functor AND 1, v0000000000f13260_0, v00000000010bc990_0, C4<1>, C4<1>;
v0000000000f13080_0 .net "a", 0 0, v0000000000f13260_0;  1 drivers
v0000000000f13120_0 .net "b", 0 0, v00000000010bc990_0;  1 drivers
v0000000000f131c0_0 .net "c", 0 0, L_00000000010b9890;  alias, 1 drivers
    .scope S_00000000010b99b0;
T_0 ;
    %delay 5000, 0;
    %load/vec4 v00000000010bcad0_0;
    %inv;
    %store/vec4 v00000000010bcad0_0, 0, 1;
    %jmp T_0;
    .thread T_0;
    .scope S_00000000010b99b0;
T_1 ;
    %pushi/vec4 0, 0, 1;
    %store/vec4 v00000000010bcad0_0, 0, 1;
    %end;
    .thread T_1;
    .scope S_00000000010b99b0;
T_2 ;
    %pushi/vec4 0, 0, 1;
    %assign/vec4 v0000000000f13260_0, 0;
    %pushi/vec4 0, 0, 1;
    %assign/vec4 v00000000010bc990_0, 0;
    %delay 100000, 0;
    %pushi/vec4 1, 0, 1;
    %assign/vec4 v0000000000f13260_0, 0;
    %pushi/vec4 1, 0, 1;
    %assign/vec4 v00000000010bc990_0, 0;
    %delay 100000, 0;
    %vpi_call 2 23 "$finish" {0 0 0};
    %end;
    .thread T_2;
    .scope S_00000000010b99b0;
T_3 ;
    %vpi_call 2 27 "$dumpfile", "./build/wave.vcd" {0 0 0};
    %vpi_call 2 28 "$dumpvars", 32'sb00000000000000000000000000000000, S_00000000010b99b0 {0 0 0};
    %delay 10000000, 0;
    %vpi_call 2 29 "$finish" {0 0 0};
    %end;
    .thread T_3;
# The file index is used to find the file name in the following table.
:file_names 4;
    "N/A";
    "<interactive>";
    "./src/tb_add.v";
    "./src/add.v";
